<!DOCTYPE html>
<html lang="en">
<head>
  <meta charset="UTF-8">
<meta name="viewport" content="width=device-width">
<meta name="theme-color" content="#222">
<meta name="generator" content="Hexo 5.4.2">


  <link rel="apple-touch-icon" sizes="180x180" href="/images/logo.png">
  <link rel="icon" type="image/png" sizes="32x32" href="/images/logo.png">
  <link rel="icon" type="image/png" sizes="16x16" href="/images/logo.png">
  <link rel="mask-icon" href="/images/logo.png" color="#222">
  <meta name="google-site-verification" content="oFhcvcGsjsTY5AFUaI-ezbn7-bel9NrdUNpeQfwZSwI">
  <meta name="msvalidate.01" content="F8E2F274161B653649F8818FD127CE87">
  <meta name="yandex-verification" content="ff1f79abcbf80d7e">
  <meta name="baidu-site-verification" content="XG2u6IqsZb">

<link rel="stylesheet" href="/css/main.css">



<link rel="stylesheet" href="https://cdn.jsdelivr.net/npm/@fortawesome/fontawesome-free@5.15.3/css/all.min.css" integrity="sha256-2H3fkXt6FEmrReK448mDVGKb3WW2ZZw35gI7vqHOE4Y=" crossorigin="anonymous">

<script class="next-config" data-name="main" type="application/json">{"hostname":"finisky.github.io","root":"/","images":"/images","scheme":"Gemini","version":"8.5.0","exturl":false,"sidebar":{"position":"left","display":"post","padding":18,"offset":12},"copycode":true,"bookmark":{"enable":false,"color":"#222","save":"auto"},"fancybox":false,"mediumzoom":false,"lazyload":false,"pangu":false,"comments":{"style":"tabs","active":null,"storage":true,"lazyload":false,"nav":null},"motion":{"enable":false,"async":false,"transition":{"post_block":"fadeIn","post_header":"fadeInDown","post_body":"fadeInDown","coll_header":"fadeInLeft","sidebar":"fadeInUp"}},"prism":false,"i18n":{"placeholder":"Searching...","empty":"We didn't find any results for the search: ${query}","hits_time":"${hits} results found in ${time} ms","hits":"${hits} results found"}}</script><script src="/js/config.js"></script>
<meta name="description" content="Apex Compile Error The environment (cuda10.0): $ conda install pytorch&#x3D;&#x3D;1.1.0 torchvision&#x3D;&#x3D;0.3.0 cudatoolkit&#x3D;10.0 -c pytorch The apex repo master HEAD: commit 0c2c6eea6556b208">
<meta property="og:type" content="article">
<meta property="og:title" content="Apex Compile Error: expected primary-expression before ‘&gt;’ token">
<meta property="og:url" content="https://finisky.github.io/apexprimaryexpressionerror.en/index.html">
<meta property="og:site_name" content="Finisky Garden">
<meta property="og:description" content="Apex Compile Error The environment (cuda10.0): $ conda install pytorch&#x3D;&#x3D;1.1.0 torchvision&#x3D;&#x3D;0.3.0 cudatoolkit&#x3D;10.0 -c pytorch The apex repo master HEAD: commit 0c2c6eea6556b208">
<meta property="og:locale" content="en_US">
<meta property="article:published_time" content="2021-08-20T11:18:23.000Z">
<meta property="article:modified_time" content="2021-09-06T02:50:00.000Z">
<meta property="article:author" content="finisky">
<meta property="article:tag" content="pytorch">
<meta property="article:tag" content="cuda">
<meta property="article:tag" content="python">
<meta name="twitter:card" content="summary">


<link rel="canonical" href="https://finisky.github.io/apexprimaryexpressionerror.en/">



<script class="next-config" data-name="page" type="application/json">{"sidebar":"","isHome":false,"isPost":true,"lang":"en","comments":true,"permalink":"https://finisky.github.io/apexprimaryexpressionerror.en/","path":"apexprimaryexpressionerror.en/","title":"Apex Compile Error: expected primary-expression before ‘>’ token"}</script>

<script class="next-config" data-name="calendar" type="application/json">""</script>
<title>Apex Compile Error: expected primary-expression before ‘>’ token | Finisky Garden</title>
  
    <script async src="https://www.googletagmanager.com/gtag/js?id=UA-96909088-2"></script>
  <script class="next-config" data-name="google_analytics" type="application/json">{"tracking_id":"UA-96909088-2","only_pageview":false}</script>
  <script src="/js/third-party/analytics/google-analytics.js"></script>



<link rel="dns-prefetch" href="https://finiskycomments.vercel.app">
  <noscript>
    <link rel="stylesheet" href="/css/noscript.css">
  </noscript>
<!-- hexo injector head_end start --><script type="text/javascript"> function downloadJsAtOnload() { setTimeout(function downloadJs() { var element = document.createElement("script"); element.setAttribute("data-ad-client", "ca-pub-2660281922577700"); element.async = true; element.src = "https://pagead2.googlesyndication.com/pagead/js/adsbygoogle.js"; document.body.appendChild(element); }, 5000); }; if (window.addEventListener) window.addEventListener("load", downloadJsAtOnload, false); else if (window.attachEvent) window.attachEvent("onload", downloadJsAtOnload); else window.onload = downloadJsAtOnload; </script><!-- hexo injector head_end end --><link rel="alternate" href="/atom.xml" title="Finisky Garden" type="application/atom+xml">
</head>

<body itemscope itemtype="http://schema.org/WebPage">
  <div class="headband"></div>

  <main class="main">
    <header class="header" itemscope itemtype="http://schema.org/WPHeader">
      <div class="header-inner"><div class="site-brand-container">
  <div class="site-nav-toggle">
    <div class="toggle" aria-label="Toggle navigation bar" role="button">
        <span class="toggle-line"></span>
        <span class="toggle-line"></span>
        <span class="toggle-line"></span>
    </div>
  </div>

  <div class="site-meta">

    <a href="/" class="brand" rel="start">
      <i class="logo-line"></i>
      <h1 class="site-title">Finisky Garden</h1>
      <i class="logo-line"></i>
    </a>
      <p class="site-subtitle" itemprop="description">NLP, Software Engineering and Product Design</p>
  </div>

  <div class="site-nav-right">
    <div class="toggle popup-trigger">
    </div>
  </div>
</div>



<nav class="site-nav">
  <ul class="main-menu menu">
        <li class="menu-item menu-item-home"><a href="/" rel="section"><i class="fa fa-home fa-fw"></i>Home</a></li>
        <li class="menu-item menu-item-tags"><a href="/tags/" rel="section"><i class="fa fa-tags fa-fw"></i>Tags</a></li>
        <li class="menu-item menu-item-categories"><a href="/categories/" rel="section"><i class="fa fa-th fa-fw"></i>Categories</a></li>
        <li class="menu-item menu-item-archives"><a href="/archives/" rel="section"><i class="fa fa-archive fa-fw"></i>Archives</a></li>
        <li class="menu-item menu-item-nlp"><a href="/tags/NLP/" rel="section"><i class="fa fa-language fa-fw"></i>NLP</a></li>
        <li class="menu-item menu-item-mongodb"><a href="/categories/MongoDB/" rel="section"><i class="fas fa-database fa-fw"></i>MongoDB</a></li>
        <li class="menu-item menu-item-links"><a href="/links/" rel="section"><i class="fas fa-link fa-fw"></i>Links</a></li>
        <li class="menu-item menu-item-about"><a href="/about/" rel="section"><i class="fa fa-user fa-fw"></i>About</a></li>
  </ul>
</nav>




</div>
        
  
  <div class="toggle sidebar-toggle" role="button">
    <span class="toggle-line"></span>
    <span class="toggle-line"></span>
    <span class="toggle-line"></span>
  </div>

  <aside class="sidebar">

    <div class="sidebar-inner sidebar-nav-active sidebar-toc-active">
      <ul class="sidebar-nav">
        <li class="sidebar-nav-toc">
          Table of Contents
        </li>
        <li class="sidebar-nav-overview">
          Overview
        </li>
      </ul>

      <div class="sidebar-panel-container">
        <!--noindex-->
        <div class="post-toc-wrap sidebar-panel">
            <div class="post-toc animated"><ol class="nav"><li class="nav-item nav-level-1"><a class="nav-link" href="#apex-compile-error"><span class="nav-number">1.</span> <span class="nav-text">Apex Compile Error</span></a></li><li class="nav-item nav-level-1"><a class="nav-link" href="#solution"><span class="nav-number">2.</span> <span class="nav-text">Solution</span></a></li><li class="nav-item nav-level-1"><a class="nav-link" href="#full-error-message"><span class="nav-number">3.</span> <span class="nav-text">Full error message</span></a></li></ol></div>
            <div class="site-author site-overview-item animated">
              <img class="site-author-image" itemprop="image" alt="finisky" src="/images/qrcode.jpg" />
              <p class="site-author-name">扫码关注公众号</p>
            </div>
        </div>
        <!--/noindex-->

        <div class="site-overview-wrap sidebar-panel">
          <div class="site-overview">
            <div class="site-author site-overview-item animated" itemprop="author" itemscope itemtype="http://schema.org/Person">
    <img class="site-author-image" itemprop="image" alt="finisky"
      src="/images/qrcode.jpg">
  <p class="site-author-name">扫码关注公众号</p>
</div>
<div class="site-state-wrap site-overview-item animated">
  <nav class="site-state">
      <div class="site-state-item site-state-posts">
          <a href="/archives/">
        
          <span class="site-state-item-count">197</span>
          <span class="site-state-item-name">posts</span>
        </a>
      </div>
      <div class="site-state-item site-state-categories">
            <a href="/categories/">
          
        <span class="site-state-item-count">14</span>
        <span class="site-state-item-name">categories</span></a>
      </div>
      <div class="site-state-item site-state-tags">
            <a href="/tags/">
          
        <span class="site-state-item-count">59</span>
        <span class="site-state-item-name">tags</span></a>
      </div>
  </nav>
</div>



          </div>
        </div>
    </div>
  </aside>
  <div class="sidebar-dimmer"></div>


    </header>

    
  <div class="back-to-top" role="button" aria-label="Back to top">
    <i class="fa fa-arrow-up"></i>
    <span>0%</span>
  </div>

<noscript>
  <div class="noscript-warning">Theme NexT works best with JavaScript enabled</div>
</noscript>


    <div class="main-inner post posts-expand">


  


<div class="post-block">
  
  

  <article itemscope itemtype="http://schema.org/Article" class="post-content" lang="en">
    <link itemprop="mainEntityOfPage" href="https://finisky.github.io/apexprimaryexpressionerror.en/">

    <span hidden itemprop="author" itemscope itemtype="http://schema.org/Person">
      <meta itemprop="image" content="/images/qrcode.jpg">
      <meta itemprop="name" content="finisky">
      <meta itemprop="description" content="NLP, Software Engineering, Product Design and Career Development">
    </span>

    <span hidden itemprop="publisher" itemscope itemtype="http://schema.org/Organization">
      <meta itemprop="name" content="Finisky Garden">
    </span>
      <header class="post-header">
        <h1 class="post-title" itemprop="name headline">
          Apex Compile Error: expected primary-expression before ‘>’ token
        </h1>

        <div class="post-meta-container">
          <div class="post-meta">
    <span class="post-meta-item">
      <span class="post-meta-item-icon">
        <i class="far fa-calendar"></i>
      </span>
      <span class="post-meta-item-text">Posted on</span>

      <time title="Created: 2021-08-20 19:18:23" itemprop="dateCreated datePublished" datetime="2021-08-20T19:18:23+08:00">2021-08-20</time>
    </span>
      <span class="post-meta-item">
        <span class="post-meta-item-icon">
          <i class="far fa-calendar-check"></i>
        </span>
        <span class="post-meta-item-text">Edited on</span>
        <time title="Modified: 2021-09-06 10:50:00" itemprop="dateModified" datetime="2021-09-06T10:50:00+08:00">2021-09-06</time>
      </span>
    <span class="post-meta-item">
      <span class="post-meta-item-icon">
        <i class="far fa-folder"></i>
      </span>
      <span class="post-meta-item-text">In</span>
        <span itemprop="about" itemscope itemtype="http://schema.org/Thing">
          <a href="/categories/Machine-Learning/" itemprop="url" rel="index"><span itemprop="name">Machine Learning</span></a>
        </span>
    </span>

  
  
  <span class="post-meta-item">
    
    <span class="post-meta-item-icon">
      <i class="far fa-comment"></i>
    </span>
    <span class="post-meta-item-text">Comments: </span>
  
    <a title="waline" href="/apexprimaryexpressionerror.en/#waline" itemprop="discussionUrl">
      <span class="post-comments-count waline-comment-count" data-path="/apexprimaryexpressionerror.en/" itemprop="commentCount"></span>
    </a>
  </span>
  
  
    <span class="post-meta-item" title="Views">
      <span class="post-meta-item-icon">
        <i class="far fa-eye"></i>
      </span>
      <span class="post-meta-item-text">Views: </span>
      <span class="waline-pageview-count" data-path="/apexprimaryexpressionerror.en/"></span>
    </span>
  
</div>

        </div>
      </header>

    
    
    
    <div class="post-body" itemprop="articleBody">
        <h1 id="apex-compile-error">Apex Compile Error</h1>
<p>The environment (cuda10.0): <pre class="line-numbers language-shell" data-language="shell"><code class="language-shell">$ conda install pytorch&#x3D;&#x3D;1.1.0 torchvision&#x3D;&#x3D;0.3.0 cudatoolkit&#x3D;10.0 -c pytorch<span aria-hidden="true" class="line-numbers-rows"><span></span></span></code></pre></p>
<p>The apex repo master HEAD: <pre class="line-numbers language-none"><code class="language-none">commit 0c2c6eea6556b208d1a8711197efc94899e754e1 (HEAD -&gt; master, origin&#x2F;master, origin&#x2F;HEAD)
Author: Nan Zheng &lt;80790206+nanz-nv@users.noreply.github.com&gt;
Date:   Sat Jul 17 08:53:59 2021 +0800
...<span aria-hidden="true" class="line-numbers-rows"><span></span><span></span><span></span><span></span></span></code></pre></p>
<span id="more"></span>
<p>Install apex: <pre class="line-numbers language-none"><code class="language-none">git clone https:&#x2F;&#x2F;github.com&#x2F;NVIDIA&#x2F;apex
cd apex
pip install -v --disable-pip-version-check --no-cache-dir --global-option&#x3D;&quot;--cpp_ext&quot; --global-option&#x3D;&quot;--cuda_ext&quot; .&#x2F;<span aria-hidden="true" class="line-numbers-rows"><span></span><span></span><span></span></span></code></pre></p>
<p>Compile error like this: <pre class="line-numbers language-none"><code class="language-none">csrc&#x2F;mlp.cpp:127:54: error: expected primary-expression before ‘&gt;’ token
       w_ptr.push_back(inputs[i + 1].data_ptr&lt;scalar_t&gt;());
                                                      ^<span aria-hidden="true" class="line-numbers-rows"><span></span><span></span><span></span></span></code></pre></p>
<h1 id="solution">Solution</h1>
<p>Similar discussions: https://github.com/NVIDIA/apex/issues/802
https://github.com/NVIDIA/apex/issues/1139</p>
<p>Rollback to an earlier version is not a good solution. Actually, the
issue is caused by pytorch/gcc/cuda mismatch.</p>
<p>Therefore, make sure:</p>
<ul>
<li>gcc version is &gt;= 7 (<code>gcc --version</code>)</li>
<li>pytorch version &gt;= 1.4.0 (<code>conda list</code>)</li>
</ul>
<p>If not, upgrade them.</p>
<h1 id="full-error-message">Full error message</h1>
<blockquote><p>... csrc/mlp.cpp: In lambda function: csrc/mlp.cpp:126:23: warning:
comparison between signed and unsigned integer expressions
[-Wsign-compare] for (int i = 0; i &lt; num_layers; i++) { <del>^</del>
/home/user/miniconda3/envs/test/lib/python3.7/site-packages/torch/include/ATen/Dispatch.h:11:12:
note: in definition of mac ro ‘AT_PRIVATE_CASE_TYPE’ return
<strong>VA_ARGS</strong>();<br />
^~~~~~~~~~~ csrc/mlp.cpp:124:3: note: in expansion of macro
‘AT_DISPATCH_FLOATING_TYPES_AND_HALF’
AT_DISPATCH_FLOATING_TYPES_AND_HALF(inputs[0].type(), "mlp_backward",
[&amp;] { ^ csrc/mlp.cpp:127:54: error: expected primary-expression
before ‘&gt;’ token w_ptr.push_back(inputs[i + 1].data_ptr<scalar_t>());
^
/home/user/miniconda3/envs/test/lib/python3.7/site-packages/torch/include/ATen/Dispatch.h:11:12:
note: in definition of mac ro ‘AT_PRIVATE_CASE_TYPE’ return
<strong>VA_ARGS</strong>();<br />
^~~~~~~~~~~ csrc/mlp.cpp:124:3: note: in expansion of macro
‘AT_DISPATCH_FLOATING_TYPES_AND_HALF’
AT_DISPATCH_FLOATING_TYPES_AND_HALF(inputs[0].type(), "mlp_backward",
[&amp;] { ^ csrc/mlp.cpp:127:56: error: expected primary-expression
before ‘)’ token w_ptr.push_back(inputs[i + 1].data_ptr<scalar_t>()); ^
/home/user/miniconda3/envs/test/lib/python3.7/site-packages/torch/include/ATen/Dispatch.h:11:12:
note: in definition of mac ro ‘AT_PRIVATE_CASE_TYPE’ return
<strong>VA_ARGS</strong>();<br />
^~~~~~~~~~~ csrc/mlp.cpp:124:3: note: in expansion of macro
‘AT_DISPATCH_FLOATING_TYPES_AND_HALF’
AT_DISPATCH_FLOATING_TYPES_AND_HALF(inputs[0].type(), "mlp_backward",
[&amp;] { ^ csrc/mlp.cpp:130:23: warning: comparison between signed and
unsigned integer expressions [-Wsign-compare] for (int i = 0; i &lt;
inputs.size(); i++) { <del>^</del>~~~~~~~~~~~~
/home/user/miniconda3/envs/test/lib/python3.7/site-packages/torch/include/ATen/Dispatch.h:11:12:
note: in definition of mac ro ‘AT_PRIVATE_CASE_TYPE’ return
<strong>VA_ARGS</strong>();<br />
^~~~~~~~~~~ csrc/mlp.cpp:124:3: note: in expansion of macro
‘AT_DISPATCH_FLOATING_TYPES_AND_HALF’
AT_DISPATCH_FLOATING_TYPES_AND_HALF(inputs[0].type(), "mlp_backward",
[&amp;] { ^ csrc/mlp.cpp:131:57: error: expected primary-expression
before ‘&gt;’ token
outputs_ptr.push_back(outputs[i].data_ptr<scalar_t>()); ^
/home/user/miniconda3/envs/test/lib/python3.7/site-packages/torch/include/ATen/Dispatch.h:11:12:
note: in definition of mac ro ‘AT_PRIVATE_CASE_TYPE’ return
<strong>VA_ARGS</strong>();<br />
^~~~~~~~~~~ csrc/mlp.cpp:124:3: note: in expansion of macro
‘AT_DISPATCH_FLOATING_TYPES_AND_HALF’
AT_DISPATCH_FLOATING_TYPES_AND_HALF(inputs[0].type(), "mlp_backward",
[&amp;] { ^ csrc/mlp.cpp:131:59: error: expected primary-expression
before ‘)’ token outputs_ptr.push_back(outputs[i].data_ptr<scalar_t>());
^
/home/user/miniconda3/envs/test/lib/python3.7/site-packages/torch/include/ATen/Dispatch.h:11:12:
note: in definition of mac ro ‘AT_PRIVATE_CASE_TYPE’ return
<strong>VA_ARGS</strong>();<br />
^~~~~~~~~~~ csrc/mlp.cpp:124:3: note: in expansion of macro
‘AT_DISPATCH_FLOATING_TYPES_AND_HALF’
AT_DISPATCH_FLOATING_TYPES_AND_HALF(inputs[0].type(), "mlp_backward",
[&amp;] { ^ csrc/mlp.cpp:138:44: warning: narrowing conversion of
‘(work_size / sizeof (scalar_t))’ from ‘long unsigned int’ to ‘long int’
i nside { } [-Wnarrowing] auto work_space = at::empty({work_size /
sizeof(scalar_t)}, inputs[0].type()); ~~~~~~~~<del>^</del>~~~~~~
/home/user/miniconda3/envs/test/lib/python3.7/site-packages/torch/include/ATen/Dispatch.h:11:12:
note: in definition of mac ro ‘AT_PRIVATE_CASE_TYPE’ return
<strong>VA_ARGS</strong>();<br />
^~~~~~~~~~~ csrc/mlp.cpp:124:3: note: in expansion of macro
‘AT_DISPATCH_FLOATING_TYPES_AND_HALF’
AT_DISPATCH_FLOATING_TYPES_AND_HALF(inputs[0].type(), "mlp_backward",
[&amp;] { ^ csrc/mlp.cpp:138:44: warning: narrowing conversion of
‘(work_size / sizeof (scalar_t))’ from ‘long unsigned int’ to ‘long int’
i nside { } [-Wnarrowing] auto work_space = at::empty({work_size /
sizeof(scalar_t)}, inputs[0].type()); ~~~~~~~~<del>^</del>~~~~~~
/home/user/miniconda3/envs/test/lib/python3.7/site-packages/torch/include/ATen/Dispatch.h:11:12:
note: in definition of mac ro ‘AT_PRIVATE_CASE_TYPE’ return
<strong>VA_ARGS</strong>();<br />
^~~~~~~~~~~ csrc/mlp.cpp:124:3: note: in expansion of macro
‘AT_DISPATCH_FLOATING_TYPES_AND_HALF’
AT_DISPATCH_FLOATING_TYPES_AND_HALF(inputs[0].type(), "mlp_backward",
[&amp;] { ^ csrc/mlp.cpp:141:36: error: expected primary-expression
before ‘&gt;’ token inputs[0].data_ptr<scalar_t>(), ^
/home/user/miniconda3/envs/test/lib/python3.7/site-packages/torch/include/ATen/Dispatch.h:11:12:
note: in definition of mac ro ‘AT_PRIVATE_CASE_TYPE’ return
<strong>VA_ARGS</strong>();<br />
^~~~~~~~~~~ csrc/mlp.cpp:124:3: note: in expansion of macro
‘AT_DISPATCH_FLOATING_TYPES_AND_HALF’
AT_DISPATCH_FLOATING_TYPES_AND_HALF(inputs[0].type(), "mlp_backward",
[&amp;] { ^ csrc/mlp.cpp:141:38: error: expected primary-expression
before ‘)’ token inputs[0].data_ptr<scalar_t>(), ^
/home/user/miniconda3/envs/test/lib/python3.7/site-packages/torch/include/ATen/Dispatch.h:11:12:
note: in definition of mac ro ‘AT_PRIVATE_CASE_TYPE’ return
<strong>VA_ARGS</strong>();<br />
^~~~~~~~~~~ csrc/mlp.cpp:124:3: note: in expansion of macro
‘AT_DISPATCH_FLOATING_TYPES_AND_HALF’
AT_DISPATCH_FLOATING_TYPES_AND_HALF(inputs[0].type(), "mlp_backward",
[&amp;] { ^ csrc/mlp.cpp:142:43: error: expected primary-expression
before ‘&gt;’ token fprop_outputs[0].data_ptr<scalar_t>(), ^
/home/user/miniconda3/envs/test/lib/python3.7/site-packages/torch/include/ATen/Dispatch.h:11:12:
note: in definition of mac ro ‘AT_PRIVATE_CASE_TYPE’ return
<strong>VA_ARGS</strong>();<br />
^~~~~~~~~~~ csrc/mlp.cpp:124:3: note: in expansion of macro
‘AT_DISPATCH_FLOATING_TYPES_AND_HALF’
AT_DISPATCH_FLOATING_TYPES_AND_HALF(inputs[0].type(), "mlp_backward",
[&amp;] { ^ csrc/mlp.cpp:142:45: error: expected primary-expression
before ‘)’ token fprop_outputs[0].data_ptr<scalar_t>(), ^
/home/user/miniconda3/envs/test/lib/python3.7/site-packages/torch/include/ATen/Dispatch.h:11:12:
note: in definition of mac ro ‘AT_PRIVATE_CASE_TYPE’ return
<strong>VA_ARGS</strong>();<br />
^~~~~~~~~~~ csrc/mlp.cpp:124:3: note: in expansion of macro
‘AT_DISPATCH_FLOATING_TYPES_AND_HALF’
AT_DISPATCH_FLOATING_TYPES_AND_HALF(inputs[0].type(), "mlp_backward",
[&amp;] { ^ csrc/mlp.cpp:148:46: error: expected primary-expression
before ‘&gt;’ token grad_o.contiguous().data_ptr<scalar_t>(), ^
/home/user/miniconda3/envs/test/lib/python3.7/site-packages/torch/include/ATen/Dispatch.h:11:12:
note: in definition of mac ro ‘AT_PRIVATE_CASE_TYPE’ return
<strong>VA_ARGS</strong>();<br />
^~~~~~~~~~~ csrc/mlp.cpp:124:3: note: in expansion of macro
‘AT_DISPATCH_FLOATING_TYPES_AND_HALF’
AT_DISPATCH_FLOATING_TYPES_AND_HALF(inputs[0].type(), "mlp_backward",
[&amp;] { ^ csrc/mlp.cpp:148:48: error: expected primary-expression
before ‘)’ token grad_o.contiguous().data_ptr<scalar_t>(), ^
/home/user/miniconda3/envs/test/lib/python3.7/site-packages/torch/include/ATen/Dispatch.h:11:12:
note: in definition of mac ro ‘AT_PRIVATE_CASE_TYPE’ return
<strong>VA_ARGS</strong>();<br />
^~~~~~~~~~~ csrc/mlp.cpp:124:3: note: in expansion of macro
‘AT_DISPATCH_FLOATING_TYPES_AND_HALF’
AT_DISPATCH_FLOATING_TYPES_AND_HALF(inputs[0].type(), "mlp_backward",
[&amp;] { ^ csrc/mlp.cpp:149:43: error: expected primary-expression
before ‘&gt;’ token fprop_outputs[1].data_ptr<scalar_t>(), ^
/home/user/miniconda3/envs/test/lib/python3.7/site-packages/torch/include/ATen/Dispatch.h:11:12:
note: in definition of mac ro ‘AT_PRIVATE_CASE_TYPE’ return
<strong>VA_ARGS</strong>();<br />
^~~~~~~~~~~ csrc/mlp.cpp:124:3: note: in expansion of macro
‘AT_DISPATCH_FLOATING_TYPES_AND_HALF’
AT_DISPATCH_FLOATING_TYPES_AND_HALF(inputs[0].type(), "mlp_backward",
[&amp;] { ^ csrc/mlp.cpp:149:45: error: expected primary-expression
before ‘)’ token fprop_outputs[1].data_ptr<scalar_t>(), ^
/home/user/miniconda3/envs/test/lib/python3.7/site-packages/torch/include/ATen/Dispatch.h:11:12:
note: in definition of mac ro ‘AT_PRIVATE_CASE_TYPE’ return
<strong>VA_ARGS</strong>();<br />
^~~~~~~~~~~ csrc/mlp.cpp:124:3: note: in expansion of macro
‘AT_DISPATCH_FLOATING_TYPES_AND_HALF’
AT_DISPATCH_FLOATING_TYPES_AND_HALF(inputs[0].type(), "mlp_backward",
[&amp;] { ^ csrc/mlp.cpp:150:37: error: expected primary-expression
before ‘&gt;’ token work_space.data_ptr<scalar_t>(), ^
/home/user/miniconda3/envs/test/lib/python3.7/site-packages/torch/include/ATen/Dispatch.h:11:12:
note: in definition of mac ro ‘AT_PRIVATE_CASE_TYPE’ return
<strong>VA_ARGS</strong>();<br />
^~~~~~~~~~~ csrc/mlp.cpp:124:3: note: in expansion of macro
‘AT_DISPATCH_FLOATING_TYPES_AND_HALF’
AT_DISPATCH_FLOATING_TYPES_AND_HALF(inputs[0].type(), "mlp_backward",
[&amp;] { ^ csrc/mlp.cpp:150:39: error: expected primary-expression
before ‘)’ token work_space.data_ptr<scalar_t>(), ^
/home/user/miniconda3/envs/test/lib/python3.7/site-packages/torch/include/ATen/Dispatch.h:11:12:
note: in definition of mac ro ‘AT_PRIVATE_CASE_TYPE’ return
<strong>VA_ARGS</strong>();<br />
^~~~~~~~~~~ csrc/mlp.cpp:124:3: note: in expansion of macro
‘AT_DISPATCH_FLOATING_TYPES_AND_HALF’
AT_DISPATCH_FLOATING_TYPES_AND_HALF(inputs[0].type(), "mlp_backward",
[&amp;] { ^ csrc/mlp.cpp: In lambda function: csrc/mlp.cpp:126:23:
warning: comparison between signed and unsigned integer expressions
[-Wsign-compare] for (int i = 0; i &lt; num_layers; i++) { <del>^</del>
/home/user/miniconda3/envs/test/lib/python3.7/site-packages/torch/include/ATen/Dispatch.h:11:12:
note: in definition of mac ro ‘AT_PRIVATE_CASE_TYPE’ return
<strong>VA_ARGS</strong>();<br />
^~~~~~~~~~~ csrc/mlp.cpp:124:3: note: in expansion of macro
‘AT_DISPATCH_FLOATING_TYPES_AND_HALF’
AT_DISPATCH_FLOATING_TYPES_AND_HALF(inputs[0].type(), "mlp_backward",
[&amp;] { ^ csrc/mlp.cpp:127:54: error: expected primary-expression
before ‘&gt;’ token w_ptr.push_back(inputs[i + 1].data_ptr<scalar_t>());
^
/home/user/miniconda3/envs/test/lib/python3.7/site-packages/torch/include/ATen/Dispatch.h:11:12:
note: in definition of mac ro ‘AT_PRIVATE_CASE_TYPE’ return
<strong>VA_ARGS</strong>();<br />
^~~~~~~~~~~ csrc/mlp.cpp:124:3: note: in expansion of macro
‘AT_DISPATCH_FLOATING_TYPES_AND_HALF’
AT_DISPATCH_FLOATING_TYPES_AND_HALF(inputs[0].type(), "mlp_backward",
[&amp;] { ^ csrc/mlp.cpp:127:56: error: expected primary-expression
before ‘)’ token w_ptr.push_back(inputs[i + 1].data_ptr<scalar_t>()); ^
/home/user/miniconda3/envs/test/lib/python3.7/site-packages/torch/include/ATen/Dispatch.h:11:12:
note: in definition of mac ro ‘AT_PRIVATE_CASE_TYPE’ return
<strong>VA_ARGS</strong>();<br />
^~~~~~~~~~~ csrc/mlp.cpp:124:3: note: in expansion of macro
‘AT_DISPATCH_FLOATING_TYPES_AND_HALF’
AT_DISPATCH_FLOATING_TYPES_AND_HALF(inputs[0].type(), "mlp_backward",
[&amp;] { ^ csrc/mlp.cpp:130:23: warning: comparison between signed and
unsigned integer expressions [-Wsign-compare] for (int i = 0; i &lt;
inputs.size(); i++) { <del>^</del>~~~~~~~~~~~~
/home/user/miniconda3/envs/test/lib/python3.7/site-packages/torch/include/ATen/Dispatch.h:11:12:
note: in definition of mac ro ‘AT_PRIVATE_CASE_TYPE’ return
<strong>VA_ARGS</strong>();<br />
^~~~~~~~~~~ csrc/mlp.cpp:124:3: note: in expansion of macro
‘AT_DISPATCH_FLOATING_TYPES_AND_HALF’
AT_DISPATCH_FLOATING_TYPES_AND_HALF(inputs[0].type(), "mlp_backward",
[&amp;] { ^ csrc/mlp.cpp:131:57: error: expected primary-expression
before ‘&gt;’ token
outputs_ptr.push_back(outputs[i].data_ptr<scalar_t>()); ^
/home/user/miniconda3/envs/test/lib/python3.7/site-packages/torch/include/ATen/Dispatch.h:11:12:
note: in definition of mac ro ‘AT_PRIVATE_CASE_TYPE’ return
<strong>VA_ARGS</strong>();<br />
^~~~~~~~~~~ csrc/mlp.cpp:124:3: note: in expansion of macro
‘AT_DISPATCH_FLOATING_TYPES_AND_HALF’
AT_DISPATCH_FLOATING_TYPES_AND_HALF(inputs[0].type(), "mlp_backward",
[&amp;] { ^ csrc/mlp.cpp:131:59: error: expected primary-expression
before ‘)’ token outputs_ptr.push_back(outputs[i].data_ptr<scalar_t>());
^
/home/user/miniconda3/envs/test/lib/python3.7/site-packages/torch/include/ATen/Dispatch.h:11:12:
note: in definition of mac ro ‘AT_PRIVATE_CASE_TYPE’ return
<strong>VA_ARGS</strong>();<br />
^~~~~~~~~~~ csrc/mlp.cpp:124:3: note: in expansion of macro
‘AT_DISPATCH_FLOATING_TYPES_AND_HALF’
AT_DISPATCH_FLOATING_TYPES_AND_HALF(inputs[0].type(), "mlp_backward",
[&amp;] { ^ csrc/mlp.cpp:138:44: warning: narrowing conversion of
‘(work_size / sizeof (scalar_t))’ from ‘long unsigned int’ to ‘long int’
i nside { } [-Wnarrowing] auto work_space = at::empty({work_size /
sizeof(scalar_t)}, inputs[0].type()); ~~~~~~~~<del>^</del>~~~~~~
/home/user/miniconda3/envs/test/lib/python3.7/site-packages/torch/include/ATen/Dispatch.h:11:12:
note: in definition of mac ro ‘AT_PRIVATE_CASE_TYPE’ return
<strong>VA_ARGS</strong>();<br />
^~~~~~~~~~~ csrc/mlp.cpp:124:3: note: in expansion of macro
‘AT_DISPATCH_FLOATING_TYPES_AND_HALF’
AT_DISPATCH_FLOATING_TYPES_AND_HALF(inputs[0].type(), "mlp_backward",
[&amp;] { ^ csrc/mlp.cpp:138:44: warning: narrowing conversion of
‘(work_size / sizeof (scalar_t))’ from ‘long unsigned int’ to ‘long int’
i nside { } [-Wnarrowing] auto work_space = at::empty({work_size /
sizeof(scalar_t)}, inputs[0].type()); ~~~~~~~~<del>^</del>~~~~~~
/home/user/miniconda3/envs/test/lib/python3.7/site-packages/torch/include/ATen/Dispatch.h:11:12:
note: in definition of mac ro ‘AT_PRIVATE_CASE_TYPE’ return
<strong>VA_ARGS</strong>();<br />
^~~~~~~~~~~ csrc/mlp.cpp:124:3: note: in expansion of macro
‘AT_DISPATCH_FLOATING_TYPES_AND_HALF’
AT_DISPATCH_FLOATING_TYPES_AND_HALF(inputs[0].type(), "mlp_backward",
[&amp;] { ^ csrc/mlp.cpp:141:36: error: expected primary-expression
before ‘&gt;’ token inputs[0].data_ptr<scalar_t>(), ^
/home/user/miniconda3/envs/test/lib/python3.7/site-packages/torch/include/ATen/Dispatch.h:11:12:
note: in definition of mac ro ‘AT_PRIVATE_CASE_TYPE’ return
<strong>VA_ARGS</strong>();<br />
^~~~~~~~~~~ csrc/mlp.cpp:124:3: note: in expansion of macro
‘AT_DISPATCH_FLOATING_TYPES_AND_HALF’
AT_DISPATCH_FLOATING_TYPES_AND_HALF(inputs[0].type(), "mlp_backward",
[&amp;] { ^ csrc/mlp.cpp:141:38: error: expected primary-expression
before ‘)’ token inputs[0].data_ptr<scalar_t>(), ^
/home/user/miniconda3/envs/test/lib/python3.7/site-packages/torch/include/ATen/Dispatch.h:11:12:
note: in definition of mac ro ‘AT_PRIVATE_CASE_TYPE’ return
<strong>VA_ARGS</strong>();<br />
^~~~~~~~~~~ csrc/mlp.cpp:124:3: note: in expansion of macro
‘AT_DISPATCH_FLOATING_TYPES_AND_HALF’
AT_DISPATCH_FLOATING_TYPES_AND_HALF(inputs[0].type(), "mlp_backward",
[&amp;] { ^ csrc/mlp.cpp:142:43: error: expected primary-expression
before ‘&gt;’ token fprop_outputs[0].data_ptr<scalar_t>(), ^
/home/user/miniconda3/envs/test/lib/python3.7/site-packages/torch/include/ATen/Dispatch.h:11:12:
note: in definition of mac ro ‘AT_PRIVATE_CASE_TYPE’ return
<strong>VA_ARGS</strong>();<br />
^~~~~~~~~~~ csrc/mlp.cpp:124:3: note: in expansion of macro
‘AT_DISPATCH_FLOATING_TYPES_AND_HALF’
AT_DISPATCH_FLOATING_TYPES_AND_HALF(inputs[0].type(), "mlp_backward",
[&amp;] { ^ csrc/mlp.cpp:142:45: error: expected primary-expression
before ‘)’ token fprop_outputs[0].data_ptr<scalar_t>(), ^
/home/user/miniconda3/envs/test/lib/python3.7/site-packages/torch/include/ATen/Dispatch.h:11:12:
note: in definition of mac ro ‘AT_PRIVATE_CASE_TYPE’ return
<strong>VA_ARGS</strong>();<br />
^~~~~~~~~~~ csrc/mlp.cpp:124:3: note: in expansion of macro
‘AT_DISPATCH_FLOATING_TYPES_AND_HALF’
AT_DISPATCH_FLOATING_TYPES_AND_HALF(inputs[0].type(), "mlp_backward",
[&amp;] { ^ csrc/mlp.cpp:148:46: error: expected primary-expression
before ‘&gt;’ token grad_o.contiguous().data_ptr<scalar_t>(), ^
/home/user/miniconda3/envs/test/lib/python3.7/site-packages/torch/include/ATen/Dispatch.h:11:12:
note: in definition of mac ro ‘AT_PRIVATE_CASE_TYPE’ return
<strong>VA_ARGS</strong>();<br />
^~~~~~~~~~~ csrc/mlp.cpp:124:3: note: in expansion of macro
‘AT_DISPATCH_FLOATING_TYPES_AND_HALF’
AT_DISPATCH_FLOATING_TYPES_AND_HALF(inputs[0].type(), "mlp_backward",
[&amp;] { ^ csrc/mlp.cpp:148:48: error: expected primary-expression
before ‘)’ token grad_o.contiguous().data_ptr<scalar_t>(), ^
/home/user/miniconda3/envs/test/lib/python3.7/site-packages/torch/include/ATen/Dispatch.h:11:12:
note: in definition of mac ro ‘AT_PRIVATE_CASE_TYPE’ return
<strong>VA_ARGS</strong>();<br />
^~~~~~~~~~~ csrc/mlp.cpp:124:3: note: in expansion of macro
‘AT_DISPATCH_FLOATING_TYPES_AND_HALF’
AT_DISPATCH_FLOATING_TYPES_AND_HALF(inputs[0].type(), "mlp_backward",
[&amp;] { ^ csrc/mlp.cpp:149:43: error: expected primary-expression
before ‘&gt;’ token fprop_outputs[1].data_ptr<scalar_t>(), ^
/home/user/miniconda3/envs/test/lib/python3.7/site-packages/torch/include/ATen/Dispatch.h:11:12:
note: in definition of mac ro ‘AT_PRIVATE_CASE_TYPE’ return
<strong>VA_ARGS</strong>();<br />
^~~~~~~~~~~ csrc/mlp.cpp:124:3: note: in expansion of macro
‘AT_DISPATCH_FLOATING_TYPES_AND_HALF’
AT_DISPATCH_FLOATING_TYPES_AND_HALF(inputs[0].type(), "mlp_backward",
[&amp;] { ^ csrc/mlp.cpp:149:45: error: expected primary-expression
before ‘)’ token fprop_outputs[1].data_ptr<scalar_t>(), ^
/home/user/miniconda3/envs/test/lib/python3.7/site-packages/torch/include/ATen/Dispatch.h:11:12:
note: in definition of mac ro ‘AT_PRIVATE_CASE_TYPE’ return
<strong>VA_ARGS</strong>();<br />
^~~~~~~~~~~ csrc/mlp.cpp:124:3: note: in expansion of macro
‘AT_DISPATCH_FLOATING_TYPES_AND_HALF’
AT_DISPATCH_FLOATING_TYPES_AND_HALF(inputs[0].type(), "mlp_backward",
[&amp;] { ^ csrc/mlp.cpp:150:37: error: expected primary-expression
before ‘&gt;’ token work_space.data_ptr<scalar_t>(), ^
/home/user/miniconda3/envs/test/lib/python3.7/site-packages/torch/include/ATen/Dispatch.h:11:12:
note: in definition of mac ro ‘AT_PRIVATE_CASE_TYPE’ return
<strong>VA_ARGS</strong>();<br />
^~~~~~~~~~~ csrc/mlp.cpp:124:3: note: in expansion of macro
‘AT_DISPATCH_FLOATING_TYPES_AND_HALF’
AT_DISPATCH_FLOATING_TYPES_AND_HALF(inputs[0].type(), "mlp_backward",
[&amp;] { ^ csrc/mlp.cpp:150:39: error: expected primary-expression
before ‘)’ token work_space.data_ptr<scalar_t>(), ^
/home/user/miniconda3/envs/test/lib/python3.7/site-packages/torch/include/ATen/Dispatch.h:11:12:
note: in definition of mac ro ‘AT_PRIVATE_CASE_TYPE’ return
<strong>VA_ARGS</strong>();<br />
^~~~~~~~~~~ csrc/mlp.cpp:124:3: note: in expansion of macro
‘AT_DISPATCH_FLOATING_TYPES_AND_HALF’
AT_DISPATCH_FLOATING_TYPES_AND_HALF(inputs[0].type(), "mlp_backward",
[&amp;] { ^ csrc/mlp.cpp: In lambda function: csrc/mlp.cpp:126:23:
warning: comparison between signed and unsigned integer expressions
[-Wsign-compare] for (int i = 0; i &lt; num_layers; i++) { <del>^</del>
/home/user/miniconda3/envs/test/lib/python3.7/site-packages/torch/include/ATen/Dispatch.h:11:12:
note: in definition of mac ro ‘AT_PRIVATE_CASE_TYPE’ return
<strong>VA_ARGS</strong>();<br />
^~~~~~~~~~~ csrc/mlp.cpp:124:3: note: in expansion of macro
‘AT_DISPATCH_FLOATING_TYPES_AND_HALF’
AT_DISPATCH_FLOATING_TYPES_AND_HALF(inputs[0].type(), "mlp_backward",
[&amp;] { ^ csrc/mlp.cpp:127:54: error: expected primary-expression
before ‘&gt;’ token w_ptr.push_back(inputs[i + 1].data_ptr<scalar_t>());
^
/home/user/miniconda3/envs/test/lib/python3.7/site-packages/torch/include/ATen/Dispatch.h:11:12:
note: in definition of mac ro ‘AT_PRIVATE_CASE_TYPE’ return
<strong>VA_ARGS</strong>();<br />
^~~~~~~~~~~ csrc/mlp.cpp:124:3: note: in expansion of macro
‘AT_DISPATCH_FLOATING_TYPES_AND_HALF’
AT_DISPATCH_FLOATING_TYPES_AND_HALF(inputs[0].type(), "mlp_backward",
[&amp;] { ^ csrc/mlp.cpp:127:56: error: expected primary-expression
before ‘)’ token w_ptr.push_back(inputs[i + 1].data_ptr<scalar_t>()); ^
/home/user/miniconda3/envs/test/lib/python3.7/site-packages/torch/include/ATen/Dispatch.h:11:12:
note: in definition of mac ro ‘AT_PRIVATE_CASE_TYPE’ return
<strong>VA_ARGS</strong>();<br />
^~~~~~~~~~~ csrc/mlp.cpp:124:3: note: in expansion of macro
‘AT_DISPATCH_FLOATING_TYPES_AND_HALF’
AT_DISPATCH_FLOATING_TYPES_AND_HALF(inputs[0].type(), "mlp_backward",
[&amp;] { ^ csrc/mlp.cpp:130:23: warning: comparison between signed and
unsigned integer expressions [-Wsign-compare] for (int i = 0; i &lt;
inputs.size(); i++) { <del>^</del>~~~~~~~~~~~~
/home/user/miniconda3/envs/test/lib/python3.7/site-packages/torch/include/ATen/Dispatch.h:11:12:
note: in definition of mac ro ‘AT_PRIVATE_CASE_TYPE’ return
<strong>VA_ARGS</strong>();<br />
^~~~~~~~~~~ csrc/mlp.cpp:124:3: note: in expansion of macro
‘AT_DISPATCH_FLOATING_TYPES_AND_HALF’
AT_DISPATCH_FLOATING_TYPES_AND_HALF(inputs[0].type(), "mlp_backward",
[&amp;] { ^ csrc/mlp.cpp:131:57: error: expected primary-expression
before ‘&gt;’ token
outputs_ptr.push_back(outputs[i].data_ptr<scalar_t>()); ^
/home/user/miniconda3/envs/test/lib/python3.7/site-packages/torch/include/ATen/Dispatch.h:11:12:
note: in definition of mac ro ‘AT_PRIVATE_CASE_TYPE’ return
<strong>VA_ARGS</strong>();<br />
^~~~~~~~~~~ csrc/mlp.cpp:124:3: note: in expansion of macro
‘AT_DISPATCH_FLOATING_TYPES_AND_HALF’
AT_DISPATCH_FLOATING_TYPES_AND_HALF(inputs[0].type(), "mlp_backward",
[&amp;] { ^ csrc/mlp.cpp:131:59: error: expected primary-expression
before ‘)’ token outputs_ptr.push_back(outputs[i].data_ptr<scalar_t>());
^
/home/user/miniconda3/envs/test/lib/python3.7/site-packages/torch/include/ATen/Dispatch.h:11:12:
note: in definition of mac ro ‘AT_PRIVATE_CASE_TYPE’ return
<strong>VA_ARGS</strong>();<br />
^~~~~~~~~~~ csrc/mlp.cpp:124:3: note: in expansion of macro
‘AT_DISPATCH_FLOATING_TYPES_AND_HALF’
AT_DISPATCH_FLOATING_TYPES_AND_HALF(inputs[0].type(), "mlp_backward",
[&amp;] { ^ csrc/mlp.cpp:138:44: warning: narrowing conversion of
‘(work_size / sizeof (scalar_t))’ from ‘long unsigned int’ to ‘long int’
i nside { } [-Wnarrowing] auto work_space = at::empty({work_size /
sizeof(scalar_t)}, inputs[0].type()); ~~~~~~~~<del>^</del>~~~~~~
/home/user/miniconda3/envs/test/lib/python3.7/site-packages/torch/include/ATen/Dispatch.h:11:12:
note: in definition of mac ro ‘AT_PRIVATE_CASE_TYPE’ return
<strong>VA_ARGS</strong>();<br />
^~~~~~~~~~~ csrc/mlp.cpp:124:3: note: in expansion of macro
‘AT_DISPATCH_FLOATING_TYPES_AND_HALF’
AT_DISPATCH_FLOATING_TYPES_AND_HALF(inputs[0].type(), "mlp_backward",
[&amp;] { ^ csrc/mlp.cpp:138:44: warning: narrowing conversion of
‘(work_size / sizeof (scalar_t))’ from ‘long unsigned int’ to ‘long int’
i nside { } [-Wnarrowing] auto work_space = at::empty({work_size /
sizeof(scalar_t)}, inputs[0].type()); ~~~~~~~~<del>^</del>~~~~~~
/home/user/miniconda3/envs/test/lib/python3.7/site-packages/torch/include/ATen/Dispatch.h:11:12:
note: in definition of mac ro ‘AT_PRIVATE_CASE_TYPE’ return
<strong>VA_ARGS</strong>();<br />
^~~~~~~~~~~ csrc/mlp.cpp:124:3: note: in expansion of macro
‘AT_DISPATCH_FLOATING_TYPES_AND_HALF’
AT_DISPATCH_FLOATING_TYPES_AND_HALF(inputs[0].type(), "mlp_backward",
[&amp;] { ^ csrc/mlp.cpp:141:36: error: expected primary-expression
before ‘&gt;’ token inputs[0].data_ptr<scalar_t>(), ^
/home/user/miniconda3/envs/test/lib/python3.7/site-packages/torch/include/ATen/Dispatch.h:11:12:
note: in definition of mac ro ‘AT_PRIVATE_CASE_TYPE’ return
<strong>VA_ARGS</strong>();<br />
^~~~~~~~~~~ csrc/mlp.cpp:124:3: note: in expansion of macro
‘AT_DISPATCH_FLOATING_TYPES_AND_HALF’
AT_DISPATCH_FLOATING_TYPES_AND_HALF(inputs[0].type(), "mlp_backward",
[&amp;] { ^ csrc/mlp.cpp:141:38: error: expected primary-expression
before ‘)’ token inputs[0].data_ptr<scalar_t>(), ^
/home/user/miniconda3/envs/test/lib/python3.7/site-packages/torch/include/ATen/Dispatch.h:11:12:
note: in definition of mac ro ‘AT_PRIVATE_CASE_TYPE’ return
<strong>VA_ARGS</strong>();<br />
^~~~~~~~~~~ csrc/mlp.cpp:124:3: note: in expansion of macro
‘AT_DISPATCH_FLOATING_TYPES_AND_HALF’
AT_DISPATCH_FLOATING_TYPES_AND_HALF(inputs[0].type(), "mlp_backward",
[&amp;] { ^ csrc/mlp.cpp:142:43: error: expected primary-expression
before ‘&gt;’ token fprop_outputs[0].data_ptr<scalar_t>(), ^
/home/user/miniconda3/envs/test/lib/python3.7/site-packages/torch/include/ATen/Dispatch.h:11:12:
note: in definition of mac ro ‘AT_PRIVATE_CASE_TYPE’ return
<strong>VA_ARGS</strong>();<br />
^~~~~~~~~~~ csrc/mlp.cpp:124:3: note: in expansion of macro
‘AT_DISPATCH_FLOATING_TYPES_AND_HALF’
AT_DISPATCH_FLOATING_TYPES_AND_HALF(inputs[0].type(), "mlp_backward",
[&amp;] { ^ csrc/mlp.cpp:142:45: error: expected primary-expression
before ‘)’ token fprop_outputs[0].data_ptr<scalar_t>(), ^
/home/user/miniconda3/envs/test/lib/python3.7/site-packages/torch/include/ATen/Dispatch.h:11:12:
note: in definition of mac ro ‘AT_PRIVATE_CASE_TYPE’ return
<strong>VA_ARGS</strong>();<br />
^~~~~~~~~~~ csrc/mlp.cpp:124:3: note: in expansion of macro
‘AT_DISPATCH_FLOATING_TYPES_AND_HALF’
AT_DISPATCH_FLOATING_TYPES_AND_HALF(inputs[0].type(), "mlp_backward",
[&amp;] { ^ csrc/mlp.cpp:148:46: error: expected primary-expression
before ‘&gt;’ token grad_o.contiguous().data_ptr<scalar_t>(), ^
/home/user/miniconda3/envs/test/lib/python3.7/site-packages/torch/include/ATen/Dispatch.h:11:12:
note: in definition of mac ro ‘AT_PRIVATE_CASE_TYPE’ return
<strong>VA_ARGS</strong>();<br />
^~~~~~~~~~~ csrc/mlp.cpp:124:3: note: in expansion of macro
‘AT_DISPATCH_FLOATING_TYPES_AND_HALF’
AT_DISPATCH_FLOATING_TYPES_AND_HALF(inputs[0].type(), "mlp_backward",
[&amp;] { ^ csrc/mlp.cpp:148:48: error: expected primary-expression
before ‘)’ token grad_o.contiguous().data_ptr<scalar_t>(), ^
/home/user/miniconda3/envs/test/lib/python3.7/site-packages/torch/include/ATen/Dispatch.h:11:12:
note: in definition of mac ro ‘AT_PRIVATE_CASE_TYPE’ return
<strong>VA_ARGS</strong>();<br />
^~~~~~~~~~~ csrc/mlp.cpp:124:3: note: in expansion of macro
‘AT_DISPATCH_FLOATING_TYPES_AND_HALF’
AT_DISPATCH_FLOATING_TYPES_AND_HALF(inputs[0].type(), "mlp_backward",
[&amp;] { ^ csrc/mlp.cpp:149:43: error: expected primary-expression
before ‘&gt;’ token fprop_outputs[1].data_ptr<scalar_t>(), ^
/home/user/miniconda3/envs/test/lib/python3.7/site-packages/torch/include/ATen/Dispatch.h:11:12:
note: in definition of mac ro ‘AT_PRIVATE_CASE_TYPE’ return
<strong>VA_ARGS</strong>();<br />
^~~~~~~~~~~ csrc/mlp.cpp:124:3: note: in expansion of macro
‘AT_DISPATCH_FLOATING_TYPES_AND_HALF’
AT_DISPATCH_FLOATING_TYPES_AND_HALF(inputs[0].type(), "mlp_backward",
[&amp;] { ^ csrc/mlp.cpp:149:45: error: expected primary-expression
before ‘)’ token fprop_outputs[1].data_ptr<scalar_t>(), ^
/home/user/miniconda3/envs/test/lib/python3.7/site-packages/torch/include/ATen/Dispatch.h:11:12:
note: in definition of mac ro ‘AT_PRIVATE_CASE_TYPE’ return
<strong>VA_ARGS</strong>();<br />
^~~~~~~~~~~ csrc/mlp.cpp:124:3: note: in expansion of macro
‘AT_DISPATCH_FLOATING_TYPES_AND_HALF’
AT_DISPATCH_FLOATING_TYPES_AND_HALF(inputs[0].type(), "mlp_backward",
[&amp;] { ^ csrc/mlp.cpp:150:37: error: expected primary-expression
before ‘&gt;’ token work_space.data_ptr<scalar_t>(), ^
/home/user/miniconda3/envs/test/lib/python3.7/site-packages/torch/include/ATen/Dispatch.h:11:12:
note: in definition of mac ro ‘AT_PRIVATE_CASE_TYPE’ return
<strong>VA_ARGS</strong>();<br />
^~~~~~~~~~~ csrc/mlp.cpp:124:3: note: in expansion of macro
‘AT_DISPATCH_FLOATING_TYPES_AND_HALF’
AT_DISPATCH_FLOATING_TYPES_AND_HALF(inputs[0].type(), "mlp_backward",
[&amp;] { ^ csrc/mlp.cpp:150:39: error: expected primary-expression
before ‘)’ token work_space.data_ptr<scalar_t>(), ^
/home/user/miniconda3/envs/test/lib/python3.7/site-packages/torch/include/ATen/Dispatch.h:11:12:
note: in definition of mac ro ‘AT_PRIVATE_CASE_TYPE’ return
<strong>VA_ARGS</strong>();<br />
^~~~~~~~~~~ csrc/mlp.cpp:124:3: note: in expansion of macro
‘AT_DISPATCH_FLOATING_TYPES_AND_HALF’
AT_DISPATCH_FLOATING_TYPES_AND_HALF(inputs[0].type(), "mlp_backward",
[&amp;] { ^ error: command 'gcc' failed with exit status 1 Running
setup.py install for apex ... error</p>
<p>ERROR: Command errored out with exit status 1:
/home/user/miniconda3/envs/test/bin/python -u -c 'import sys,
setuptools, tokeni ze; sys.argv[0] =
'"'"'/tmp/pip-req-build-z3p6osd_/setup.py'"'"';
<strong>file</strong>='"'"'/tmp/pip-req-build-z3p6osd_/setup.py'"'"';f=getattr(
tokenize, '"'"'open'"'"',
open)(<strong>file</strong>);code=f.read().replace('"'"''"'"',
'"'"''"'"');f.close();exec(compile(code, <strong>file</strong>,
'"'"'exec'"'"'))' --cpp_ext --cuda_ext install --record
/tmp/pip-record-p3loelp4/install-record.txt
--single-version-externally-man aged --compile --install-headers
/home/user/miniconda3/envs/test/include/python3.7m/apex Check the logs
for full command output ...</p>
</blockquote>

    </div>

    
    
    
      
  <div class="popular-posts-header">Related Posts</div>
  <ul class="popular-posts">
    <li class="popular-posts-item">
      <div class="popular-posts-title"><a href="/2020/01/06/classadviceimpossible/" rel="bookmark">TypeError Class advice impossible in Python3</a></div>
    </li>
    <li class="popular-posts-item">
      <div class="popular-posts-title"><a href="/2020/01/03/cudnnstatusexecutionfailed/" rel="bookmark">RuntimeError cuDNN error CUDNN_STATUS_EXECUTION_FAILED Solution</a></div>
    </li>
    <li class="popular-posts-item">
      <div class="popular-posts-title"><a href="/2020/01/06/jupyterdlopen/" rel="bookmark">Jupyter dlopen cannot load any more object with static TLS</a></div>
    </li>
    <li class="popular-posts-item">
      <div class="popular-posts-title"><a href="/2020/07/09/crossentropyloss/" rel="bookmark">熵，交叉熵，KL散度公式与计算实例</a></div>
    </li>
    <li class="popular-posts-item">
      <div class="popular-posts-title"><a href="/2020/05/25/multiheadattention/" rel="bookmark">MultiHeadAttention实现详解</a></div>
    </li>
  </ul>


    <footer class="post-footer">
          <div class="post-tags">
              <a href="/tags/pytorch/" rel="tag"># pytorch</a>
              <a href="/tags/cuda/" rel="tag"># cuda</a>
              <a href="/tags/python/" rel="tag"># python</a>
          </div>

        

          <div class="post-nav">
            <div class="post-nav-item">
                <a href="/mongodbslavesync/" rel="prev" title="MongoDB使用Change Stream主从复制">
                  <i class="fa fa-chevron-left"></i> MongoDB使用Change Stream主从复制
                </a>
            </div>
            <div class="post-nav-item">
                <a href="/mongodbopsmgrmultiplebackupdaemons.en/" rel="next" title="How to Use Multiple Backup Daemons in MongoDB Kubernetes Operator">
                  How to Use Multiple Backup Daemons in MongoDB Kubernetes Operator <i class="fa fa-chevron-right"></i>
                </a>
            </div>
          </div>
    </footer>
  </article>
</div>






    <div class="comments" id="waline"></div>
</div>
  </main>

  <footer class="footer">
    <div class="footer-inner">


<div class="copyright">
  &copy; 
  <span itemprop="copyrightYear">2022</span>
  <span class="with-love">
    <i class="fa fa-heart"></i>
  </span>
  <span class="author" itemprop="copyrightHolder">finisky</span>
</div>
  <div class="powered-by">Powered by <a href="https://hexo.io/" rel="noopener" target="_blank">Hexo</a> & <a href="https://theme-next.js.org/" rel="noopener" target="_blank">NexT.Gemini</a>
  </div><div><span><a href="https://finicounter.vercel.app/" target="_blank">Total Pageview:</a></span><span id="finicount_views" style="display:inline;padding-left:5px;"></span><div> <script async src="//finicounter.vercel.app/finicounter.js"></script>

    </div>
  </footer>

  
  <script src="https://cdn.jsdelivr.net/npm/animejs@3.2.1/lib/anime.min.js" integrity="sha256-XL2inqUJaslATFnHdJOi9GfQ60on8Wx1C2H8DYiN1xY=" crossorigin="anonymous"></script>
<script src="/js/comments.js"></script><script src="/js/utils.js"></script><script src="/js/next-boot.js"></script>

  




  




  

  <script class="next-config" data-name="enableMath" type="application/json">false</script><script class="next-config" data-name="mathjax" type="application/json">{"enable":true,"tags":"none","js":{"url":"https://cdn.jsdelivr.net/npm/mathjax@3.1.4/es5/tex-mml-chtml.js","integrity":"sha256-ncNI9OXOS5Ek4tzVYiOMmN/KKCPZ6V0Cpv2P/zHntiA="}}</script>
<script src="/js/third-party/math/mathjax.js"></script>


<script class="next-config" data-name="waline" type="application/json">{"lang":"en-US","enable":true,"serverURL":"https://finiskycomments.vercel.app","cssUrl":"https://unpkg.com/@waline/client@v2/dist/waline.css","commentCount":true,"pageview":true,"pageSize":10,"el":"#waline","comment":true,"libUrl":"//unpkg.com/@waline/client@v2/dist/waline.js","path":"/apexprimaryexpressionerror.en/"}</script>
<link rel="stylesheet" href="https://unpkg.com/@waline/client@v2/dist/waline.css">
<script>
document.addEventListener('page:loaded', () => {
  NexT.utils.loadComments(CONFIG.waline.el).then(() =>
    NexT.utils.getScript(CONFIG.waline.libUrl, { condition: window.Waline })
  ).then(() => 
    Waline.init(Object.assign({}, CONFIG.waline,{ el: document.querySelector(CONFIG.waline.el) }))
  );
});
</script>

<script>
            window.imageLazyLoadSetting = {
                isSPA: false,
                preloadRatio: 1,
                processImages: null,
            };
        </script><script>window.addEventListener("load",function(){var t=/\.(gif|jpg|jpeg|tiff|png)$/i,r=/^data:image\/[a-z]+;base64,/;Array.prototype.slice.call(document.querySelectorAll("img[data-original]")).forEach(function(a){var e=a.parentNode;"A"===e.tagName&&(e.href.match(t)||e.href.match(r))&&(e.href=a.dataset.original)})});</script><script>!function(n){n.imageLazyLoadSetting.processImages=o;var e=n.imageLazyLoadSetting.isSPA,i=n.imageLazyLoadSetting.preloadRatio||1,r=Array.prototype.slice.call(document.querySelectorAll("img[data-original]"));function o(){e&&(r=Array.prototype.slice.call(document.querySelectorAll("img[data-original]")));for(var t,a=0;a<r.length;a++)0<=(t=(t=r[a]).getBoundingClientRect()).bottom&&0<=t.left&&t.top<=(n.innerHeight*i||document.documentElement.clientHeight*i)&&function(){var t,e,n,i,o=r[a];t=o,e=function(){r=r.filter(function(t){return o!==t})},n=new Image,i=t.getAttribute("data-original"),n.onload=function(){t.src=i,e&&e()},t.src!==i&&(n.src=i)}()}o(),n.addEventListener("scroll",function(){var t,e;t=o,e=n,clearTimeout(t.tId),t.tId=setTimeout(function(){t.call(e)},500)})}(this);</script></body>
</html>
